[debug] [2023-11-07T15:46:52.755Z] ----------------------------------------------------------------------
[debug] [2023-11-07T15:46:52.756Z] Command:       C:\Program Files\nodejs\node.exe C:\Users\LENOVO\AppData\Roaming\npm\node_modules\firebase-tools\lib\bin\firebase.js init
[debug] [2023-11-07T15:46:52.756Z] CLI Version:   12.8.0
[debug] [2023-11-07T15:46:52.756Z] Platform:      win32
[debug] [2023-11-07T15:46:52.757Z] Node Version:  v16.16.0
[debug] [2023-11-07T15:46:52.757Z] Time:          Tue Nov 07 2023 19:16:52 GMT+0330 (Iran Standard Time)
[debug] [2023-11-07T15:46:52.757Z] ----------------------------------------------------------------------
[debug] 
[debug] [2023-11-07T15:46:52.759Z] >>> [apiv2][query] GET https://firebase-public.firebaseio.com/cli.json [none]
[debug] [2023-11-07T15:46:52.773Z] > command requires scopes: ["email","openid","https://www.googleapis.com/auth/cloudplatformprojects.readonly","https://www.googleapis.com/auth/firebase","https://www.googleapis.com/auth/cloud-platform"]
[debug] [2023-11-07T15:46:52.773Z] > authorizing via signed-in user (mehran.karkehabadi98@gmail.com)
[info] 
     ######## #### ########  ######## ########     ###     ######  ########
     ##        ##  ##     ## ##       ##     ##  ##   ##  ##       ##
     ######    ##  ########  ######   ########  #########  ######  ######
     ##        ##  ##    ##  ##       ##     ## ##     ##       ## ##
     ##       #### ##     ## ######## ########  ##     ##  ######  ########

You're about to initialize a Firebase project in this directory:

  D:\react2\mehran-karkehabadi

[info] 
=== Project Setup
[info] 
[info] First, let's associate this project directory with a Firebase project.
[info] You can create multiple project aliases by running firebase use --add, 
[info] but for now we'll just set up a default project.
[info] 
[debug] [2023-11-07T15:47:00.623Z] > refreshing access token with scopes: []
[debug] [2023-11-07T15:47:00.624Z] >>> [apiv2][query] POST https://www.googleapis.com/oauth2/v3/token [none]
[debug] [2023-11-07T15:47:00.624Z] >>> [apiv2][body] POST https://www.googleapis.com/oauth2/v3/token [omitted]
[debug] [2023-11-07T15:47:01.090Z] <<< [apiv2][status] POST https://www.googleapis.com/oauth2/v3/token 200
[debug] [2023-11-07T15:47:01.090Z] <<< [apiv2][body] POST https://www.googleapis.com/oauth2/v3/token [omitted]
[debug] [2023-11-07T15:47:01.100Z] >>> [apiv2][query] GET https://firebase.googleapis.com/v1beta1/projects pageSize=100
[debug] [2023-11-07T15:47:01.610Z] <<< [apiv2][status] GET https://firebase.googleapis.com/v1beta1/projects 403
[debug] [2023-11-07T15:47:01.611Z] <<< [apiv2][body] GET https://firebase.googleapis.com/v1beta1/projects [omitted]
[debug] [2023-11-07T15:47:01.611Z] Unable to parse JSON: SyntaxError: Unexpected token < in JSON at position 0
[debug] [2023-11-07T15:47:01.982Z] FirebaseError: Unable to parse JSON: SyntaxError: Unexpected token < in JSON at position 0
    at RetryOperation._fn (C:\Users\LENOVO\AppData\Roaming\npm\node_modules\firebase-tools\lib\apiv2.js:257:39)
    at processTicksAndRejections (node:internal/process/task_queues:96:5)
[error] 
[error] Error: Failed to list Firebase projects. See firebase-debug.log for more info.
